build/app/intermediates/manifest_merge_blame_file/release/manifest-merger-blame-release-report.txt
1<?xml version="1.0" encoding="utf-8"?>
2<manifest xmlns:android="http://schemas.android.com/apk/res/android"
3    package="com.epsilon.donornearmeapp"
4    android:versionCode="1"
5    android:versionName="1.0.0" >
6
7    <uses-sdk
8        android:minSdkVersion="22"
8-->src\main\AndroidManifest.xml
9        android:targetSdkVersion="28" />
9-->src\main\AndroidManifest.xml
10
11    <uses-permission android:name="android.permission.WRITE_EXTERNAL_STORAGE" />
11-->[:video_compress] AndroidManifest.xml:7:5-81
11-->[:video_compress] AndroidManifest.xml:7:22-78
12    <uses-permission android:name="android.permission.READ_EXTERNAL_STORAGE" />
13    <uses-permission android:name="android.permission.READ_SMS" />
13-->[:sms] AndroidManifest.xml:7:5-67
13-->[:sms] AndroidManifest.xml:7:22-64
14    <uses-permission android:name="android.permission.SEND_SMS" />
14-->[:sms] AndroidManifest.xml:8:5-67
14-->[:sms] AndroidManifest.xml:8:22-64
15    <uses-permission android:name="android.permission.RECEIVE_SMS" />
15-->[:sms] AndroidManifest.xml:9:5-70
15-->[:sms] AndroidManifest.xml:9:22-67
16    <uses-permission android:name="android.permission.READ_PHONE_STATE" />
16-->[:sms] AndroidManifest.xml:10:5-75
16-->[:sms] AndroidManifest.xml:10:22-72
17    <uses-permission android:name="android.permission.READ_CONTACTS" />
17-->[:sms] AndroidManifest.xml:11:5-72
17-->[:sms] AndroidManifest.xml:11:22-69
18    <uses-permission android:name="android.permission.READ_PROFILE" />
18-->[:sms] AndroidManifest.xml:12:5-71
18-->[:sms] AndroidManifest.xml:12:22-68
19    <uses-permission android:name="android.permission.CAMERA" />
19-->[:camera] AndroidManifest.xml:7:5-65
19-->[:camera] AndroidManifest.xml:7:22-62
20    <uses-permission android:name="android.permission.RECORD_AUDIO" />
20-->[:camera] AndroidManifest.xml:8:5-71
20-->[:camera] AndroidManifest.xml:8:22-68
21    <uses-permission android:name="android.permission.ACCESS_NETWORK_STATE" />
21-->[com.google.firebase:firebase-iid:20.2.3] AndroidManifest.xml:22:5-79
21-->[com.google.firebase:firebase-iid:20.2.3] AndroidManifest.xml:22:22-76
22    <uses-permission android:name="android.permission.INTERNET" />
22-->[com.google.firebase:firebase-iid:20.2.3] AndroidManifest.xml:23:5-67
22-->[com.google.firebase:firebase-iid:20.2.3] AndroidManifest.xml:23:22-64
23    <uses-permission android:name="android.permission.WAKE_LOCK" /> <!-- Required by older versions of Google Play services to create IID tokens -->
23-->[com.google.firebase:firebase-iid:20.2.3] AndroidManifest.xml:24:5-68
23-->[com.google.firebase:firebase-iid:20.2.3] AndroidManifest.xml:24:22-65
24    <uses-permission android:name="com.google.android.c2dm.permission.RECEIVE" />
24-->[com.google.firebase:firebase-iid:20.2.3] AndroidManifest.xml:26:5-82
24-->[com.google.firebase:firebase-iid:20.2.3] AndroidManifest.xml:26:22-79
25    <uses-permission android:name="com.google.android.finsky.permission.BIND_GET_INSTALL_REFERRER_SERVICE" />
25-->[com.google.android.gms:play-services-measurement:17.5.0] AndroidManifest.xml:26:5-110
25-->[com.google.android.gms:play-services-measurement:17.5.0] AndroidManifest.xml:26:22-107
26    <!--
27 io.flutter.app.FlutterApplication is an android.app.Application that
28         calls FlutterMain.startInitialization(this); in its onCreate method.
29         In most cases you can leave this as-is, but you if you want to provide
30         additional functionality it is fine to subclass or reimplement
31         FlutterApplication and put your custom class here.
32    -->
33    <application
33-->src\main\AndroidManifest.xml:8:5-50:19
34        android:name="io.flutter.app.FlutterApplication"
34-->src\main\AndroidManifest.xml:9:9-57
35        android:appComponentFactory="androidx.core.app.CoreComponentFactory"
35-->[androidx.core:core:1.5.0-alpha01] AndroidManifest.xml:24:18-86
36        android:icon="@mipmap/logo"
36-->src\main\AndroidManifest.xml:11:9-36
37        android:label="Donor Near Me" >
37-->src\main\AndroidManifest.xml:10:9-38
38        <activity
38-->src\main\AndroidManifest.xml:12:9-44:20
39            android:name="com.epsilon.donornearmeapp.MainActivity"
39-->src\main\AndroidManifest.xml:13:13-41
40            android:configChanges="orientation|keyboardHidden|keyboard|screenSize|smallestScreenSize|locale|layoutDirection|fontScale|screenLayout|density|uiMode"
40-->src\main\AndroidManifest.xml:16:13-163
41            android:hardwareAccelerated="true"
41-->src\main\AndroidManifest.xml:17:13-47
42            android:launchMode="singleTop"
42-->src\main\AndroidManifest.xml:14:13-43
43            android:theme="@style/LaunchTheme"
43-->src\main\AndroidManifest.xml:15:13-47
44            android:windowSoftInputMode="adjustResize" >
44-->src\main\AndroidManifest.xml:18:13-55
45
46            <!--
47                 Specifies an Android theme to apply to this Activity as soon as
48                 the Android process has started. This theme is visible to the user
49                 while the Flutter UI initializes. After that, this theme continues
50                 to determine the Window background behind the Flutter UI.
51            -->
52            <meta-data
52-->src\main\AndroidManifest.xml:23:13-26:17
53                android:name="io.flutter.embedding.android.NormalTheme"
53-->src\main\AndroidManifest.xml:24:15-70
54                android:resource="@style/NormalTheme" />
54-->src\main\AndroidManifest.xml:25:15-52
55            <!--
56                 Displays an Android View that continues showing the launch screen
57                 Drawable until Flutter paints its first frame, then this splash
58                 screen fades out. A splash screen is useful to avoid any visual
59                 gap between the end of Android's launch screen and the painting of
60                 Flutter's first frame.
61            -->
62            <meta-data
62-->src\main\AndroidManifest.xml:32:13-35:17
63                android:name="io.flutter.embedding.android.SplashScreenDrawable"
63-->src\main\AndroidManifest.xml:33:15-79
64                android:resource="@drawable/launch_background" />
64-->src\main\AndroidManifest.xml:34:15-61
65
66            <intent-filter>
66-->src\main\AndroidManifest.xml:36:13-39:29
67                <action android:name="android.intent.action.MAIN" />
67-->src\main\AndroidManifest.xml:37:17-68
67-->src\main\AndroidManifest.xml:37:25-66
68
69                <category android:name="android.intent.category.LAUNCHER" />
69-->src\main\AndroidManifest.xml:38:17-76
69-->src\main\AndroidManifest.xml:38:27-74
70            </intent-filter>
71            <intent-filter>
71-->src\main\AndroidManifest.xml:40:13-43:29
72                <action android:name="FLUTTER_NOTIFICATION_CLICK" />
72-->src\main\AndroidManifest.xml:41:17-68
72-->src\main\AndroidManifest.xml:41:25-66
73
74                <category android:name="android.intent.category.DEFAULT" />
74-->src\main\AndroidManifest.xml:42:17-75
74-->src\main\AndroidManifest.xml:42:27-73
75            </intent-filter>
76        </activity>
77        <!--
78             Don't delete the meta-data below.
79             This is used by the Flutter tool to generate GeneratedPluginRegistrant.java
80        -->
81        <meta-data
81-->src\main\AndroidManifest.xml:47:9-49:33
82            android:name="flutterEmbedding"
82-->src\main\AndroidManifest.xml:48:13-44
83            android:value="2" />
83-->src\main\AndroidManifest.xml:49:13-30
84
85        <provider
85-->[:intent] AndroidManifest.xml:8:9-16:20
86            android:name="io.github.itzmeanjan.intent.MyProvider"
86-->[:intent] AndroidManifest.xml:9:13-66
87            android:authorities="com.epsilon.donornearmeapp.io.github.itzmeanjan.intent.fileProvider"
87-->[:intent] AndroidManifest.xml:10:13-92
88            android:exported="false"
88-->[:intent] AndroidManifest.xml:11:13-37
89            android:grantUriPermissions="true" >
89-->[:intent] AndroidManifest.xml:12:13-47
90            <meta-data
90-->[:intent] AndroidManifest.xml:13:13-15:54
91                android:name="android.support.FILE_PROVIDER_PATHS"
91-->[:intent] AndroidManifest.xml:14:17-67
92                android:resource="@xml/file_paths" />
92-->[:intent] AndroidManifest.xml:15:17-51
93        </provider>
94
95        <service android:name="io.flutter.plugins.firebasemessaging.FlutterFirebaseMessagingService" >
95-->[:firebase_messaging] AndroidManifest.xml:8:9-12:19
95-->[:firebase_messaging] AndroidManifest.xml:8:18-101
96            <intent-filter>
96-->[:firebase_messaging] AndroidManifest.xml:9:13-11:29
97                <action android:name="com.google.firebase.MESSAGING_EVENT" />
97-->[:firebase_messaging] AndroidManifest.xml:10:17-78
97-->[:firebase_messaging] AndroidManifest.xml:10:25-75
98            </intent-filter>
99        </service>
100        <service
100-->[:firebase_messaging] AndroidManifest.xml:13:9-17:19
101            android:name="com.google.firebase.components.ComponentDiscoveryService"
101-->[:firebase_messaging] AndroidManifest.xml:13:18-89
102            android:directBootAware="true"
102-->[com.google.firebase:firebase-common:19.3.0] AndroidManifest.xml:34:13-43
103            android:exported="false" >
103-->[com.google.firebase:firebase-messaging:20.2.4] AndroidManifest.xml:38:13-37
104            <meta-data
104-->[:firebase_messaging] AndroidManifest.xml:14:13-16:85
105                android:name="com.google.firebase.components:io.flutter.plugins.firebasemessaging.FlutterFirebaseAppRegistrar"
105-->[:firebase_messaging] AndroidManifest.xml:15:17-127
106                android:value="com.google.firebase.components.ComponentRegistrar" />
106-->[:firebase_messaging] AndroidManifest.xml:16:17-82
107            <meta-data
107-->[com.google.firebase:firebase-messaging:20.2.4] AndroidManifest.xml:39:13-41:85
108                android:name="com.google.firebase.components:com.google.firebase.messaging.FirebaseMessagingRegistrar"
108-->[com.google.firebase:firebase-messaging:20.2.4] AndroidManifest.xml:40:17-119
109                android:value="com.google.firebase.components.ComponentRegistrar" />
109-->[com.google.firebase:firebase-messaging:20.2.4] AndroidManifest.xml:41:17-82
110            <meta-data
110-->[com.google.firebase:firebase-iid:20.2.3] AndroidManifest.xml:32:13-34:85
111                android:name="com.google.firebase.components:com.google.firebase.iid.Registrar"
111-->[com.google.firebase:firebase-iid:20.2.3] AndroidManifest.xml:33:17-96
112                android:value="com.google.firebase.components.ComponentRegistrar" />
112-->[com.google.firebase:firebase-iid:20.2.3] AndroidManifest.xml:34:17-82
113            <meta-data
113-->[com.google.android.gms:play-services-measurement-api:17.5.0] AndroidManifest.xml:30:13-32:85
114                android:name="com.google.firebase.components:com.google.firebase.analytics.connector.internal.AnalyticsConnectorRegistrar"
114-->[com.google.android.gms:play-services-measurement-api:17.5.0] AndroidManifest.xml:31:17-139
115                android:value="com.google.firebase.components.ComponentRegistrar" />
115-->[com.google.android.gms:play-services-measurement-api:17.5.0] AndroidManifest.xml:32:17-82
116            <meta-data
116-->[com.google.firebase:firebase-datatransport:17.0.3] AndroidManifest.xml:28:13-30:85
117                android:name="com.google.firebase.components:com.google.firebase.datatransport.TransportRegistrar"
117-->[com.google.firebase:firebase-datatransport:17.0.3] AndroidManifest.xml:29:17-115
118                android:value="com.google.firebase.components.ComponentRegistrar" />
118-->[com.google.firebase:firebase-datatransport:17.0.3] AndroidManifest.xml:30:17-82
119            <meta-data
119-->[com.google.firebase:firebase-installations:16.3.3] AndroidManifest.xml:17:13-19:85
120                android:name="com.google.firebase.components:com.google.firebase.installations.FirebaseInstallationsRegistrar"
120-->[com.google.firebase:firebase-installations:16.3.3] AndroidManifest.xml:18:17-127
121                android:value="com.google.firebase.components.ComponentRegistrar" />
121-->[com.google.firebase:firebase-installations:16.3.3] AndroidManifest.xml:19:17-82
122        </service>
123        <!--
124             FirebaseMessagingService performs security checks at runtime,
125             but set to not exported to explicitly avoid allowing another app to call it.
126        -->
127        <service
127-->[com.google.firebase:firebase-messaging:20.2.4] AndroidManifest.xml:28:9-35:19
128            android:name="com.google.firebase.messaging.FirebaseMessagingService"
128-->[com.google.firebase:firebase-messaging:20.2.4] AndroidManifest.xml:29:13-82
129            android:directBootAware="true"
129-->[com.google.firebase:firebase-messaging:20.2.4] AndroidManifest.xml:30:13-43
130            android:exported="false" >
130-->[com.google.firebase:firebase-messaging:20.2.4] AndroidManifest.xml:31:13-37
131            <intent-filter android:priority="-500" >
131-->[:firebase_messaging] AndroidManifest.xml:9:13-11:29
132                <action android:name="com.google.firebase.MESSAGING_EVENT" />
132-->[:firebase_messaging] AndroidManifest.xml:10:17-78
132-->[:firebase_messaging] AndroidManifest.xml:10:25-75
133            </intent-filter>
134        </service>
135
136        <activity
136-->[:url_launcher] AndroidManifest.xml:8:9-11:74
137            android:name="io.flutter.plugins.urllauncher.WebViewActivity"
137-->[:url_launcher] AndroidManifest.xml:9:13-74
138            android:exported="false"
138-->[:url_launcher] AndroidManifest.xml:10:13-37
139            android:theme="@android:style/Theme.NoTitleBar.Fullscreen" />
139-->[:url_launcher] AndroidManifest.xml:11:13-71
140
141        <receiver
141-->[com.google.firebase:firebase-iid:20.2.3] AndroidManifest.xml:37:9-44:20
142            android:name="com.google.firebase.iid.FirebaseInstanceIdReceiver"
142-->[com.google.firebase:firebase-iid:20.2.3] AndroidManifest.xml:38:13-78
143            android:exported="true"
143-->[com.google.firebase:firebase-iid:20.2.3] AndroidManifest.xml:39:13-36
144            android:permission="com.google.android.c2dm.permission.SEND" >
144-->[com.google.firebase:firebase-iid:20.2.3] AndroidManifest.xml:40:13-73
145            <intent-filter>
145-->[com.google.firebase:firebase-iid:20.2.3] AndroidManifest.xml:41:13-43:29
146                <action android:name="com.google.android.c2dm.intent.RECEIVE" />
146-->[com.google.firebase:firebase-iid:20.2.3] AndroidManifest.xml:42:17-81
146-->[com.google.firebase:firebase-iid:20.2.3] AndroidManifest.xml:42:25-78
147            </intent-filter>
148        </receiver>
149        <receiver
149-->[com.google.android.gms:play-services-measurement:17.5.0] AndroidManifest.xml:29:9-33:20
150            android:name="com.google.android.gms.measurement.AppMeasurementReceiver"
150-->[com.google.android.gms:play-services-measurement:17.5.0] AndroidManifest.xml:30:13-85
151            android:enabled="true"
151-->[com.google.android.gms:play-services-measurement:17.5.0] AndroidManifest.xml:31:13-35
152            android:exported="false" >
152-->[com.google.android.gms:play-services-measurement:17.5.0] AndroidManifest.xml:32:13-37
153        </receiver>
154
155        <service
155-->[com.google.android.gms:play-services-measurement:17.5.0] AndroidManifest.xml:35:9-38:40
156            android:name="com.google.android.gms.measurement.AppMeasurementService"
156-->[com.google.android.gms:play-services-measurement:17.5.0] AndroidManifest.xml:36:13-84
157            android:enabled="true"
157-->[com.google.android.gms:play-services-measurement:17.5.0] AndroidManifest.xml:37:13-35
158            android:exported="false" />
158-->[com.google.android.gms:play-services-measurement:17.5.0] AndroidManifest.xml:38:13-37
159        <service
159-->[com.google.android.gms:play-services-measurement:17.5.0] AndroidManifest.xml:39:9-43:72
160            android:name="com.google.android.gms.measurement.AppMeasurementJobService"
160-->[com.google.android.gms:play-services-measurement:17.5.0] AndroidManifest.xml:40:13-87
161            android:enabled="true"
161-->[com.google.android.gms:play-services-measurement:17.5.0] AndroidManifest.xml:41:13-35
162            android:exported="false"
162-->[com.google.android.gms:play-services-measurement:17.5.0] AndroidManifest.xml:42:13-37
163            android:permission="android.permission.BIND_JOB_SERVICE" />
163-->[com.google.android.gms:play-services-measurement:17.5.0] AndroidManifest.xml:43:13-69
164
165        <provider
165-->[com.google.firebase:firebase-common:19.3.0] AndroidManifest.xml:26:9-30:39
166            android:name="com.google.firebase.provider.FirebaseInitProvider"
166-->[com.google.firebase:firebase-common:19.3.0] AndroidManifest.xml:27:13-77
167            android:authorities="com.epsilon.donornearmeapp.firebaseinitprovider"
167-->[com.google.firebase:firebase-common:19.3.0] AndroidManifest.xml:28:13-72
168            android:exported="false"
168-->[com.google.firebase:firebase-common:19.3.0] AndroidManifest.xml:29:13-37
169            android:initOrder="100" />
169-->[com.google.firebase:firebase-common:19.3.0] AndroidManifest.xml:30:13-36
170
171        <activity
171-->[com.google.android.gms:play-services-base:17.0.0] AndroidManifest.xml:23:9-26:75
172            android:name="com.google.android.gms.common.api.GoogleApiActivity"
172-->[com.google.android.gms:play-services-base:17.0.0] AndroidManifest.xml:24:13-79
173            android:exported="false"
173-->[com.google.android.gms:play-services-base:17.0.0] AndroidManifest.xml:25:13-37
174            android:theme="@android:style/Theme.Translucent.NoTitleBar" />
174-->[com.google.android.gms:play-services-base:17.0.0] AndroidManifest.xml:26:13-72
175
176        <meta-data
176-->[com.google.android.gms:play-services-basement:17.0.0] AndroidManifest.xml:23:9-25:69
177            android:name="com.google.android.gms.version"
177-->[com.google.android.gms:play-services-basement:17.0.0] AndroidManifest.xml:24:13-58
178            android:value="@integer/google_play_services_version" />
178-->[com.google.android.gms:play-services-basement:17.0.0] AndroidManifest.xml:25:13-66
179
180        <service
180-->[com.google.android.datatransport:transport-backend-cct:2.2.0] AndroidManifest.xml:29:9-35:19
181            android:name="com.google.android.datatransport.runtime.backends.TransportBackendDiscovery"
181-->[com.google.android.datatransport:transport-backend-cct:2.2.0] AndroidManifest.xml:30:13-103
182            android:exported="false" >
182-->[com.google.android.datatransport:transport-backend-cct:2.2.0] AndroidManifest.xml:31:13-37
183            <meta-data
183-->[com.google.android.datatransport:transport-backend-cct:2.2.0] AndroidManifest.xml:32:13-34:39
184                android:name="backend:com.google.android.datatransport.cct.CctBackendFactory"
184-->[com.google.android.datatransport:transport-backend-cct:2.2.0] AndroidManifest.xml:33:17-94
185                android:value="cct" />
185-->[com.google.android.datatransport:transport-backend-cct:2.2.0] AndroidManifest.xml:34:17-36
186        </service>
187        <service
187-->[com.google.android.datatransport:transport-runtime:2.2.0] AndroidManifest.xml:26:9-30:19
188            android:name="com.google.android.datatransport.runtime.scheduling.jobscheduling.JobInfoSchedulerService"
188-->[com.google.android.datatransport:transport-runtime:2.2.0] AndroidManifest.xml:27:13-117
189            android:exported="false"
189-->[com.google.android.datatransport:transport-runtime:2.2.0] AndroidManifest.xml:28:13-37
190            android:permission="android.permission.BIND_JOB_SERVICE" >
190-->[com.google.android.datatransport:transport-runtime:2.2.0] AndroidManifest.xml:29:13-69
191        </service>
192
193        <receiver
193-->[com.google.android.datatransport:transport-runtime:2.2.0] AndroidManifest.xml:32:9-34:40
194            android:name="com.google.android.datatransport.runtime.scheduling.jobscheduling.AlarmManagerSchedulerBroadcastReceiver"
194-->[com.google.android.datatransport:transport-runtime:2.2.0] AndroidManifest.xml:33:13-132
195            android:exported="false" />
195-->[com.google.android.datatransport:transport-runtime:2.2.0] AndroidManifest.xml:34:13-37
196    </application>
197
198</manifest>